INFO:root:Accessed https://the-one-api.dev/v2/book with status 200
INFO:root:Accessed https://the-one-api.dev/v2/book/5cf5805fb53e011a64671582 with status 200
INFO:root:Accessed https://the-one-api.dev/v2/book/5cf5805fb53e011a64671582/chapter with status 200
INFO:root:Accessed https://the-one-api.dev/v2/chapter with status 200
INFO:root:Accessed https://the-one-api.dev/v2/chapter/6091b6d6d58360f988133b8c with status 200
INFO:root:Accessed https://the-one-api.dev/v2/character/5cd99d4bde30eff6ebccfbbf with status 200
INFO:root:Accessed https://the-one-api.dev/v2/character/5cd99d4bde30eff6ebccfbbf/quote with status 200
INFO:root:Accessed https://the-one-api.dev/v2/chapter with status 200
INFO:root:Accessed https://the-one-api.dev/v2/chapter/6091b6d6d58360f988133b8c with status 200
INFO:root:Accessed https://the-one-api.dev/v2/chapter with status 200
INFO:root:Accessed https://the-one-api.dev/v2/chapter/6091b6d6d58360f988133b8c with status 200
INFO:root:Accessed https://the-one-api.dev/v2/character with status 200
INFO:root:Accessed https://the-one-api.dev/v2/character/5cd99d4bde30eff6ebccfbbf with status 200
INFO:root:Accessed https://the-one-api.dev/v2/character/5cd99d4bde30eff6ebccfbbf/quote with status 200
INFO:root:Accessed https://the-one-api.dev/v2/movie with status 200
INFO:root:Accessed https://the-one-api.dev/v2/movie/5cd95395de30eff6ebccde59 with status 200
INFO:root:Accessed https://the-one-api.dev/v2/movie/5cd95395de30eff6ebccde59/quote with status 200
INFO:root:Accessed https://the-one-api.dev/v2/quote with status 200
INFO:root:Accessed https://the-one-api.dev/v2/quote/5cd96e05de30eff6ebcce7e9 with status 200
INFO:root:Accessed https://the-one-api.dev/v2/book with status 200
INFO:root:Accessed https://the-one-api.dev/v2/book/5cf5805fb53e011a64671582 with status 200
INFO:root:Accessed https://the-one-api.dev/v2/book/5cf5805fb53e011a64671582/chapter with status 200
INFO:root:Accessed https://the-one-api.dev/v2/book with status 200
INFO:root:Accessed https://the-one-api.dev/v2/book/5cf5805fb53e011a64671582 with status 200
INFO:root:Accessed https://the-one-api.dev/v2/book/5cf5805fb53e011a64671582/chapter with status 200
INFO:root:Accessed https://the-one-api.dev/v2/book with status 200
INFO:root:Accessed https://the-one-api.dev/v2/book/5cf5805fb53e011a64671582 with status 200
INFO:root:Accessed https://the-one-api.dev/v2/book/5cf5805fb53e011a64671582/chapter with status 200
INFO:root:Accessed https://the-one-api.dev/v2/book with status 200
INFO:root:Accessed https://the-one-api.dev/v2/book/5cf5805fb53e011a64671582 with status 200
INFO:root:Accessed https://the-one-api.dev/v2/book/5cf5805fb53e011a64671582/chapter with status 200
INFO:root:Accessed https://the-one-api.dev/v2/chapter with status 200
INFO:root:Accessed https://the-one-api.dev/v2/chapter/6091b6d6d58360f988133b8c with status 200
INFO:root:Accessed https://the-one-api.dev/v2/character with status 200
INFO:root:Accessed https://the-one-api.dev/v2/character/5cd99d4bde30eff6ebccfbbf with status 200
INFO:root:Accessed https://the-one-api.dev/v2/character/5cd99d4bde30eff6ebccfbbf/quote with status 200
INFO:root:Accessed https://the-one-api.dev/v2/book with status 200
INFO:root:Accessed https://the-one-api.dev/v2/book/5cf5805fb53e011a64671582 with status 200
INFO:root:Accessed https://the-one-api.dev/v2/book/5cf5805fb53e011a64671582/chapter with status 200
INFO:root:Accessed https://the-one-api.dev/v2/chapter with status 200
INFO:root:Accessed https://the-one-api.dev/v2/chapter/6091b6d6d58360f988133b8c with status 200
INFO:root:Accessed https://the-one-api.dev/v2/chapter with status 200
INFO:root:Accessed https://the-one-api.dev/v2/chapter/6091b6d6d58360f988133b8c with status 200
INFO:root:Accessed https://the-one-api.dev/v2/character with status 200
INFO:root:Accessed https://the-one-api.dev/v2/character/5cd99d4bde30eff6ebccfbbf with status 200
INFO:root:Accessed https://the-one-api.dev/v2/character/5cd99d4bde30eff6ebccfbbf/quote with status 200
INFO:root:Accessed https://the-one-api.dev/v2/movie with status 200
INFO:root:Accessed https://the-one-api.dev/v2/movie/5cd95395de30eff6ebccde59 with status 200
INFO:root:Accessed https://the-one-api.dev/v2/movie/5cd95395de30eff6ebccde59/quote with status 200
INFO:root:Accessed https://the-one-api.dev/v2/quote with status 200
INFO:root:Accessed https://the-one-api.dev/v2/quote/5cd96e05de30eff6ebcce7e9 with status 200
INFO:root:Accessed https://the-one-api.dev/v2/book with status 200
INFO:root:Accessed https://the-one-api.dev/v2/book/5cf5805fb53e011a64671582 with status 200
INFO:root:Accessed https://the-one-api.dev/v2/book/5cf5805fb53e011a64671582/chapter with status 200
INFO:root:Accessed https://the-one-api.dev/v2/book with status 200
INFO:root:Accessed https://the-one-api.dev/v2/book/5cf5805fb53e011a64671582 with status 200
INFO:root:Accessed https://the-one-api.dev/v2/book/5cf5805fb53e011a64671582/chapter with status 200
INFO:root:Accessed https://the-one-api.dev/v2/book with status 200
INFO:root:Accessed https://the-one-api.dev/v2/book/5cf5805fb53e011a64671582 with status 200
INFO:root:Accessed https://the-one-api.dev/v2/book/5cf5805fb53e011a64671582/chapter with status 200
INFO:root:Accessed https://the-one-api.dev/v2/book with status 200
INFO:root:Accessed https://the-one-api.dev/v2/book/5cf5805fb53e011a64671582 with status 200
INFO:root:Accessed https://the-one-api.dev/v2/book/5cf5805fb53e011a64671582/chapter with status 200
INFO:root:Accessed https://the-one-api.dev/v2/book with status 200
INFO:root:Accessed https://the-one-api.dev/v2/book/5cf5805fb53e011a64671582 with status 200
INFO:root:Accessed https://the-one-api.dev/v2/book/5cf5805fb53e011a64671582/chapter with status 200
INFO:root:Accessed https://the-one-api.dev/v2/book with status 200
INFO:root:Accessed https://the-one-api.dev/v2/book with status 200
INFO:root:Accessed https://the-one-api.dev/v2/book with status 200
INFO:root:Accessed https://the-one-api.dev/v2/book/5cf5805fb53e011a64671582 with status 200
INFO:root:Accessed https://the-one-api.dev/v2/book/5cf5805fb53e011a64671582/chapter with status 200
INFO:root:Accessed https://the-one-api.dev/v2/book with status 200
INFO:root:Accessed https://the-one-api.dev/v2/book/5cf5805fb53e011a64671582 with status 200
INFO:root:Accessed https://the-one-api.dev/v2/book/5cf5805fb53e011a64671582/chapter with status 200
INFO:root:Accessed https://the-one-api.dev/v2/chapter with status 200
INFO:root:Accessed https://the-one-api.dev/v2/chapter/6091b6d6d58360f988133b8c with status 200
INFO:root:Accessed https://the-one-api.dev/v2/chapter with status 200
INFO:root:Accessed https://the-one-api.dev/v2/chapter/6091b6d6d58360f988133b8c with status 200
INFO:root:Accessed https://the-one-api.dev/v2/chapter/6091b6d6d58360f988133b8c with status 200
INFO:root:Accessed https://the-one-api.dev/v2/chapter with status 200
INFO:root:Accessed https://the-one-api.dev/v2/chapter/6091b6d6d58360f988133b8c with status 200
INFO:root:Accessed https://the-one-api.dev/v2/chapter with status 200
INFO:root:Accessed https://the-one-api.dev/v2/chapter/6091b6d6d58360f988133b8c with status 200
INFO:root:Accessed https://the-one-api.dev/v2/chapter with status 200
INFO:root:Accessed https://the-one-api.dev/v2/chapter/6091b6d6d58360f988133b8c with status 200
INFO:root:Accessed https://the-one-api.dev/v2/chapter with status 200
INFO:root:Accessed https://the-one-api.dev/v2/chapter/6091b6d6d58360f988133b8c with status 200
INFO:root:Accessed https://the-one-api.dev/v2/chapter with status 200
INFO:root:Accessed https://the-one-api.dev/v2/chapter/6091b6d6d58360f988133b8c with status 200
INFO:root:Accessed https://the-one-api.dev/v2/chapter with status 200
INFO:root:Accessed https://the-one-api.dev/v2/chapter/6091b6d6d58360f988133b8c with status 200
INFO:root:Accessed https://the-one-api.dev/v2/chapter with status 200
INFO:root:Accessed https://the-one-api.dev/v2/chapter/6091b6d6d58360f988133b8c with status 200
INFO:root:Accessed https://the-one-api.dev/v2/chapter with status 200
INFO:root:Accessed https://the-one-api.dev/v2/chapter/6091b6d6d58360f988133b8c with status 200
INFO:root:Accessed https://the-one-api.dev/v2/chapter with status 200
INFO:root:Accessed https://the-one-api.dev/v2/chapter/6091b6d6d58360f988133b8c with status 200
INFO:root:Accessed https://the-one-api.dev/v2/chapter with status 200
INFO:root:Accessed https://the-one-api.dev/v2/chapter/6091b6d6d58360f988133b8c with status 200
INFO:root:Accessed https://the-one-api.dev/v2/chapter with status 200
INFO:root:Accessed https://the-one-api.dev/v2/chapter/6091b6d6d58360f988133b8c with status 200
INFO:root:Accessed https://the-one-api.dev/v2/chapter with status 200
INFO:root:Accessed https://the-one-api.dev/v2/chapter/6091b6d6d58360f988133b8c with status 200
INFO:root:Accessed https://the-one-api.dev/v2/chapter with status 200
INFO:root:Accessed https://the-one-api.dev/v2/chapter/6091b6d6d58360f988133b8c with status 200
INFO:root:Accessed https://the-one-api.dev/v2/chapter with status 200
INFO:root:Accessed https://the-one-api.dev/v2/chapter/6091b6d6d58360f988133b8c with status 200
INFO:root:Accessed https://the-one-api.dev/v2/chapter with status 200
INFO:root:Accessed https://the-one-api.dev/v2/chapter/6091b6d6d58360f988133b8c with status 200
INFO:root:Accessed https://the-one-api.dev/v2/chapter with status 200
INFO:root:Accessed https://the-one-api.dev/v2/chapter/6091b6d6d58360f988133b8c with status 200
INFO:root:Accessed https://the-one-api.dev/v2/chapter with status 200
INFO:root:Accessed https://the-one-api.dev/v2/chapter/6091b6d6d58360f988133b8c with status 200
INFO:root:Accessed https://the-one-api.dev/v2/character with status 200
INFO:root:Accessed https://the-one-api.dev/v2/character/5cd99d4bde30eff6ebccfbbf with status 200
INFO:root:Accessed https://the-one-api.dev/v2/character/5cd99d4bde30eff6ebccfbbf/quote with status 200
INFO:root:Accessed https://the-one-api.dev/v2/chapter with status 200
INFO:root:Accessed https://the-one-api.dev/v2/chapter/6091b6d6d58360f988133b8c with status 200
INFO:root:Accessed https://the-one-api.dev/v2/character with status 200
INFO:root:Accessed https://the-one-api.dev/v2/character/5cd99d4bde30eff6ebccfbbf with status 200
INFO:root:Accessed https://the-one-api.dev/v2/character/5cd99d4bde30eff6ebccfbbf/quote with status 200
INFO:root:Accessed https://the-one-api.dev/v2/character with status 200
INFO:root:Accessed https://the-one-api.dev/v2/character/5cd99d4bde30eff6ebccfbbf with status 200
INFO:root:Accessed https://the-one-api.dev/v2/character/5cd99d4bde30eff6ebccfbbf/quote with status 200
INFO:root:Accessed https://the-one-api.dev/v2/movie with status 200
INFO:root:Accessed https://the-one-api.dev/v2/movie/5cd95395de30eff6ebccde59 with status 200
INFO:root:Accessed https://the-one-api.dev/v2/movie/5cd95395de30eff6ebccde59/quote with status 200
INFO:root:Accessed https://the-one-api.dev/v2/movie with status 200
INFO:root:Accessed https://the-one-api.dev/v2/movie/5cd95395de30eff6ebccde59 with status 200
INFO:root:Accessed https://the-one-api.dev/v2/movie/5cd95395de30eff6ebccde59/quote with status 200
INFO:root:Accessed https://the-one-api.dev/v2/movie with status 200
INFO:root:Accessed https://the-one-api.dev/v2/movie/5cd95395de30eff6ebccde59 with status 200
INFO:root:Accessed https://the-one-api.dev/v2/movie/5cd95395de30eff6ebccde59/quote with status 200
INFO:root:Accessed https://the-one-api.dev/v2/movie with status 200
INFO:root:Accessed https://the-one-api.dev/v2/movie/5cd95395de30eff6ebccde59 with status 200
INFO:root:Accessed https://the-one-api.dev/v2/movie/5cd95395de30eff6ebccde59/quote with status 200
INFO:root:Accessed https://the-one-api.dev/v2/quote with status 200
INFO:root:Accessed https://the-one-api.dev/v2/quote/5cd96e05de30eff6ebcce7e9 with status 200
INFO:root:Accessed https://the-one-api.dev/v2/quote/5cd96e05de30eff6ebcce7e9 with status 200
INFO:root:Status 200. Successfully accessed https://the-one-api.dev/v2.
INFO:root:Accessed https://the-one-api.dev/v2/quote/5cd96e05de30eff6ebcce7e9 with status 200
INFO:root:Status 200. Successfully accessed https://the-one-api.dev/v2.
INFO:root:Accessed https://the-one-api.dev/v2/quote/5cd96e05de30eff6ebcce7e9 with status 200
INFO:root:Status 200. Successfully accessed https://the-one-api.dev/v2.
INFO:root:Accessed https://the-one-api.dev/v2/quote/5cd96e05de30eff6ebcce7e9 with status 200
INFO:root:Status 200. Successfully accessed https://the-one-api.dev/v2.
INFO:root:Status 404. Successfully accessed https://the-one-api.dev/v2/quote page 2.
ERROR:root:An error occurred while making the request: Expecting value: line 1 column 1 (char 0)
INFO:root:Status 404. Successfully accessed https://the-one-api.dev/v2/quote page 3.
ERROR:root:An error occurred while making the request: Expecting value: line 1 column 1 (char 0)
INFO:root:Accessed https://the-one-api.dev/v2/quote/5cd96e05de30eff6ebcce7e9 with status 200
INFO:root:Status 200. Successfully accessed https://the-one-api.dev/v2.
INFO:root:Status 200. Successfully accessed https://the-one-api.dev/v2/quote page 2.
INFO:root:Status 200. Successfully accessed https://the-one-api.dev/v2/quote page 3.
INFO:root:Accessed https://the-one-api.dev/v2/quote/5cd96e05de30eff6ebcce7e9 with status 200
INFO:root:Status 200. Successfully accessed https://the-one-api.dev/v2.
INFO:root:Status 200. Successfully accessed https://the-one-api.dev/v2/quote page 2.
INFO:root:Status 200. Successfully accessed https://the-one-api.dev/v2/quote page 3.
INFO:root:Accessed https://the-one-api.dev/v2/quote/5cd96e05de30eff6ebcce7e9 with status 200
INFO:root:Status 200. Successfully accessed https://the-one-api.dev/v2.
INFO:root:Status 200. Successfully accessed https://the-one-api.dev/v2/quote page 2.
INFO:root:Status 200. Successfully accessed https://the-one-api.dev/v2/quote page 3.
INFO:root:Accessed https://the-one-api.dev/v2/quote/5cd96e05de30eff6ebcce7e9 with status 200
INFO:root:Accessed https://the-one-api.dev/v2/movie with status 200
INFO:root:Accessed https://the-one-api.dev/v2/movie/5cd95395de30eff6ebccde59 with status 200
INFO:root:Accessed https://the-one-api.dev/v2/movie/5cd95395de30eff6ebccde59/quote with status 200
INFO:root:Accessed https://the-one-api.dev/v2/character with status 200
INFO:root:Accessed https://the-one-api.dev/v2/character/5cd99d4bde30eff6ebccfbbf with status 200
INFO:root:Accessed https://the-one-api.dev/v2/character/5cd99d4bde30eff6ebccfbbf/quote with status 200
INFO:root:Accessed https://the-one-api.dev/v2/chapter with status 200
INFO:root:Accessed https://the-one-api.dev/v2/chapter/6091b6d6d58360f988133b8c with status 200
INFO:root:Accessed https://the-one-api.dev/v2/book with status 200
INFO:root:Accessed https://the-one-api.dev/v2/book/5cf5805fb53e011a64671582 with status 200
INFO:root:Accessed https://the-one-api.dev/v2/book/5cf5805fb53e011a64671582/chapter with status 200
